<?xml version="1.0" encoding="UTF-8"?>
<!-- Generated by org.testng.reporters.JUnitReportReporter -->
<testsuite hostname="QT-INBG-LT0623" failures="0" tests="11" name="SignUp" time="21.388" errors="0" timestamp="2022-09-16T16:43:23 IST" skipped="0">
  <testcase classname="SignUp" name="launchBrowser" time="5.961"/>
  <system-out/>
  <testcase classname="SignUp" name="clickOnSignUp" time="4.036"/>
  <system-out/>
  <testcase classname="SignUp" name="enterFirstName" time="1.118"/>
  <system-out/>
  <testcase classname="SignUp" name="enterLastName" time="1.077"/>
  <system-out/>
  <testcase classname="SignUp" name="enterMail" time="1.071"/>
  <system-out/>
  <testcase classname="SignUp" name="enterPassword" time="1.065"/>
  <system-out/>
  <testcase classname="SignUp" name="enterDOB" time="1.065"/>
  <system-out/>
  <testcase classname="SignUp" name="selectGender" time="1.046"/>
  <system-out/>
  <testcase classname="SignUp" name="enterPhoneNumber" time="1.069"/>
  <system-out/>
  <testcase classname="SignUp" name="clickOnRegister" time="1.122"/>
  <system-out/>
  <testcase classname="SignUp" name="clickOnSignIn" time="2.758"/>
  <system-out/>
</testsuite> <!-- SignUp -->
