<?xml version="1.0" encoding="UTF-8"?>
<!-- Generated by org.testng.reporters.JUnitReportReporter -->
<testsuite hostname="QT-INBG-LT0623" failures="0" tests="1" name="HomePage" time="23.386" errors="0" timestamp="2022-09-16T15:39:19 IST" skipped="0">
  <testcase classname="HomePage" name="Home" time="23.386"/>
  <system-out/>
</testsuite> <!-- HomePage -->
