<?xml version="1.0" encoding="UTF-8"?>
<!-- Generated by org.testng.reporters.JUnitReportReporter -->
<testsuite hostname="QT-INBG-LT0623" failures="0" tests="5" name="SignIn" time="7.477" errors="0" timestamp="2022-09-19T11:56:28 IST" skipped="0">
  <testcase classname="SignIn" name="launchBrowser" time="2.941"/>
  <system-out/>
  <testcase classname="SignIn" name="signIn" time="1.221"/>
  <system-out/>
  <testcase classname="SignIn" name="userName" time="1.061"/>
  <system-out/>
  <testcase classname="SignIn" name="enterPassword" time="1.085"/>
  <system-out/>
  <testcase classname="SignIn" name="login" time="1.169"/>
  <system-out/>
</testsuite> <!-- SignIn -->
